[1.334s] Invoking command in '/home/utabot/Desktop/UTABOT/ros2_ws/src/utabot_controller': DEBUGINFOD_URLS=https://debuginfod.ubuntu.com PYTHONPATH=/home/utabot/Desktop/UTABOT/ros2_ws/build/utabot_controller/prefix_override:/usr/lib/python3/dist-packages/colcon_core/task/python/colcon_distutils_commands:/home/utabot/Desktop/UTABOT/ros2_ws/install/utabot_controller/lib/python3.12/site-packages:${PYTHONPATH} /usr/bin/python3 -W ignore:setup.py install is deprecated setup.py egg_info --egg-base ../../build/utabot_controller build --build-base /home/utabot/Desktop/UTABOT/ros2_ws/build/utabot_controller/build install --record /home/utabot/Desktop/UTABOT/ros2_ws/build/utabot_controller/install.log --single-version-externally-managed install_data
[1.701s] running egg_info
[1.702s] creating ../../build/utabot_controller/utabot_controller.egg-info
[1.729s] writing ../../build/utabot_controller/utabot_controller.egg-info/PKG-INFO
[1.731s] writing dependency_links to ../../build/utabot_controller/utabot_controller.egg-info/dependency_links.txt
[1.731s] writing requirements to ../../build/utabot_controller/utabot_controller.egg-info/requires.txt
[1.731s] writing top-level names to ../../build/utabot_controller/utabot_controller.egg-info/top_level.txt
[1.731s] writing manifest file '../../build/utabot_controller/utabot_controller.egg-info/SOURCES.txt'
[1.783s] reading manifest file '../../build/utabot_controller/utabot_controller.egg-info/SOURCES.txt'
[1.784s] writing manifest file '../../build/utabot_controller/utabot_controller.egg-info/SOURCES.txt'
[1.784s] running build
[1.784s] running build_py
[1.785s] creating /home/utabot/Desktop/UTABOT/ros2_ws/build/utabot_controller/build
[1.785s] creating /home/utabot/Desktop/UTABOT/ros2_ws/build/utabot_controller/build/lib
[1.785s] creating /home/utabot/Desktop/UTABOT/ros2_ws/build/utabot_controller/build/lib/utabot_controller
[1.785s] copying utabot_controller/__init__.py -> /home/utabot/Desktop/UTABOT/ros2_ws/build/utabot_controller/build/lib/utabot_controller
[1.785s] running install
[1.794s] running install_lib
[1.821s] creating /home/utabot/Desktop/UTABOT/ros2_ws/install/utabot_controller/lib/python3.12/site-packages/utabot_controller
[1.821s] copying /home/utabot/Desktop/UTABOT/ros2_ws/build/utabot_controller/build/lib/utabot_controller/__init__.py -> /home/utabot/Desktop/UTABOT/ros2_ws/install/utabot_controller/lib/python3.12/site-packages/utabot_controller
[1.822s] byte-compiling /home/utabot/Desktop/UTABOT/ros2_ws/install/utabot_controller/lib/python3.12/site-packages/utabot_controller/__init__.py to __init__.cpython-312.pyc
[1.822s] running install_data
[1.822s] creating /home/utabot/Desktop/UTABOT/ros2_ws/install/utabot_controller/share/ament_index
[1.822s] creating /home/utabot/Desktop/UTABOT/ros2_ws/install/utabot_controller/share/ament_index/resource_index
[1.822s] creating /home/utabot/Desktop/UTABOT/ros2_ws/install/utabot_controller/share/ament_index/resource_index/packages
[1.822s] copying resource/utabot_controller -> /home/utabot/Desktop/UTABOT/ros2_ws/install/utabot_controller/share/ament_index/resource_index/packages
[1.823s] copying package.xml -> /home/utabot/Desktop/UTABOT/ros2_ws/install/utabot_controller/share/utabot_controller
[1.823s] running install_egg_info
[1.852s] Copying ../../build/utabot_controller/utabot_controller.egg-info to /home/utabot/Desktop/UTABOT/ros2_ws/install/utabot_controller/lib/python3.12/site-packages/utabot_controller-0.0.0-py3.12.egg-info
[1.855s] running install_scripts
[2.040s] writing list of installed files to '/home/utabot/Desktop/UTABOT/ros2_ws/build/utabot_controller/install.log'
[2.120s] Invoked command in '/home/utabot/Desktop/UTABOT/ros2_ws/src/utabot_controller' returned '0': DEBUGINFOD_URLS=https://debuginfod.ubuntu.com PYTHONPATH=/home/utabot/Desktop/UTABOT/ros2_ws/build/utabot_controller/prefix_override:/usr/lib/python3/dist-packages/colcon_core/task/python/colcon_distutils_commands:/home/utabot/Desktop/UTABOT/ros2_ws/install/utabot_controller/lib/python3.12/site-packages:${PYTHONPATH} /usr/bin/python3 -W ignore:setup.py install is deprecated setup.py egg_info --egg-base ../../build/utabot_controller build --build-base /home/utabot/Desktop/UTABOT/ros2_ws/build/utabot_controller/build install --record /home/utabot/Desktop/UTABOT/ros2_ws/build/utabot_controller/install.log --single-version-externally-managed install_data
